<?xml version="1.0" encoding="UTF-8"?>
<testsuite xmlns:xsi="http://www.w3.org/2001/XMLSchema-instance" xsi:noNamespaceSchemaLocation="https://maven.apache.org/surefire/maven-surefire-plugin/xsd/surefire-test-report-3.0.xsd" version="3.0" name="com.cognizant.springlearn.SpringLearnApplicationTests" time="3.409" tests="2" errors="0" skipped="0" failures="0">
  <properties>
[...]
</properties>
  <testcase name="contextLoads" classname="com.cognizant.springlearn.SpringLearnApplicationTests" time="0.57">
    <system-out><![CDATA[10:54:37.754 [main] INFO org.springframework.test.context.support.AnnotationConfigContextLoaderUtils -- Could not detect default configuration classes for test class [com.cognizant.springlearn.SpringLearnApplicationTests]: SpringLearnApplicationTests does not declare any static, non-private, non-final, nested classes annotated with @Configuration.
10:54:37.887 [main] INFO org.springframework.boot.test.context.SpringBootTestContextBootstrapper -- Found @SpringBootConfiguration com.cognizant.springlearn.SpringLearnApplication for test class com.cognizant.springlearn.SpringLearnApplicationTests
10:54:38.062 [main] INFO org.springframework.boot.devtools.restart.RestartApplicationListener -- Restart disabled due to context in which it is running

  .   ____          _            __ _ _
 /\\ / ___'_ __ _ _(_)_ __  __ _ \ \ \ \
( ( )\___ | '_ | '_| | '_ \/ _` | \ \ \ \
 \\/  ___)| |_)| | | | | || (_| |  ) ) ) )
  '  |____| .__|_| |_|_| |_\__, | / / / /
 =========|_|==============|___/=/_/_/_/
 :: Spring Boot ::                (v3.2.5)

260709|10:54:38.409|main                | INFO|ringLearnApplicationTests|              logStarting|Starting SpringLearnApplicationTests using Java 24.0.2 with PID 26720 (started by lokes in C:\Users\lokes\Downloads\Week 3\spring-learn)
260709|10:54:38.411|main                |DEBUG|ringLearnApplicationTests|              logStarting|Running with Spring Boot v3.2.5, Spring v6.1.6
260709|10:54:38.411|main                | INFO|ringLearnApplicationTests|    logStartupProfileInfo|No active profile set, falling back to 1 default profile: "default"
260709|10:54:39.261|main                |DEBUG|c.c.s.c.CountryController|                   <init>|Inside CountryController constructor.
260709|10:54:39.349|main                | INFO|c.c.s.s.SecurityConfig   |          passwordEncoder|START passwordEncoder()
260709|10:54:39.352|main                | INFO|c.c.s.s.SecurityConfig   |       userDetailsService|START userDetailsService()
260709|10:54:39.752|main                | INFO|c.c.s.s.SecurityConfig   |              filterChain|START filterChain()
260709|10:54:39.766|main                | INFO|.s.JwtAuthorizationFilter|                   <init>|START JwtAuthorizationFilter constructor
260709|10:54:39.766|main                |DEBUG|.s.JwtAuthorizationFilter|                   <init>|Authentication manager: org.springframework.security.authentication.ProviderManager@544e8149
260709|10:54:39.787|main                | INFO|efaultSecurityFilterChain|                   <init>|Will secure any request with [org.springframework.security.web.session.DisableEncodeUrlFilter@5eea5627, org.springframework.security.web.context.request.async.WebAsyncManagerIntegrationFilter@3330f3ad, org.springframework.security.web.context.SecurityContextHolderFilter@5e9f73b, org.springframework.security.web.header.HeaderWriterFilter@3a90c13c, org.springframework.web.filter.CorsFilter@f425231, org.springframework.security.web.authentication.logout.LogoutFilter@5d7399f9, com.cognizant.springlearn.security.JwtAuthorizationFilter@506aabf6, org.springframework.security.web.authentication.www.BasicAuthenticationFilter@27df95e, org.springframework.security.web.savedrequest.RequestCacheAwareFilter@2fd64b11, org.springframework.security.web.servletapi.SecurityContextHolderAwareRequestFilter@949c598, org.springframework.security.web.authentication.AnonymousAuthenticationFilter@5cbd94b2, org.springframework.security.web.session.SessionManagementFilter@63cf9de0, org.springframework.security.web.access.ExceptionTranslationFilter@655f69da, org.springframework.security.web.access.intercept.AuthorizationFilter@3138953b]
260709|10:54:40.044|main                | INFO|ingBootMockServletContext|                      log|Initializing Spring TestDispatcherServlet ''
260709|10:54:40.045|main                | INFO|w.s.TestDispatcherServlet|          initServletBean|Initializing Servlet ''
260709|10:54:40.046|main                | INFO|w.s.TestDispatcherServlet|          initServletBean|Completed initialization in 1 ms
260709|10:54:40.064|main                | INFO|ringLearnApplicationTests|               logStarted|Started SpringLearnApplicationTests in 2.015 seconds (process running for 2.99)
]]></system-out>
    <system-err><![CDATA[WARNING: A Java agent has been loaded dynamically (C:\Users\lokes\.m2\repository\net\bytebuddy\byte-buddy-agent\1.14.13\byte-buddy-agent-1.14.13.jar)
WARNING: If a serviceability tool is in use, please run with -XX:+EnableDynamicAgentLoading to hide this warning
WARNING: If a serviceability tool is not in use, please run with -Djdk.instrument.traceUsage for more information
WARNING: Dynamic loading of agents will be disallowed by default in a future release
]]></system-err>
  </testcase>
  <testcase name="testGetCountry" classname="com.cognizant.springlearn.SpringLearnApplicationTests" time="0.363">
    <system-out><![CDATA[260709|10:54:40.680|main                | INFO|.s.JwtAuthorizationFilter|         doFilterInternal|START doFilterInternal()
260709|10:54:40.680|main                |DEBUG|.s.JwtAuthorizationFilter|         doFilterInternal|Authorization header: Basic dXNlcjpwd2Q=
260709|10:54:40.847|main                | INFO|c.c.s.c.CountryController|          getCountryIndia|START getCountryIndia()
260709|10:54:40.917|main                |DEBUG|c.c.springlearn.Country  |                   <init>|Inside Country Constructor.
260709|10:54:40.918|main                |DEBUG|c.c.springlearn.Country  |                  setCode|Inside setCode()
260709|10:54:40.918|main                |DEBUG|c.c.springlearn.Country  |                  setName|Inside setName()
260709|10:54:40.918|main                |DEBUG|c.c.springlearn.Country  |                   <init>|Inside Country Constructor.
260709|10:54:40.919|main                |DEBUG|c.c.springlearn.Country  |                  setCode|Inside setCode()
260709|10:54:40.919|main                |DEBUG|c.c.springlearn.Country  |                  setName|Inside setName()
260709|10:54:40.919|main                |DEBUG|c.c.springlearn.Country  |                   <init>|Inside Country Constructor.
260709|10:54:40.920|main                |DEBUG|c.c.springlearn.Country  |                  setCode|Inside setCode()
260709|10:54:40.920|main                |DEBUG|c.c.springlearn.Country  |                  setName|Inside setName()
260709|10:54:40.920|main                |DEBUG|c.c.springlearn.Country  |                   <init>|Inside Country Constructor.
260709|10:54:40.920|main                |DEBUG|c.c.springlearn.Country  |                  setCode|Inside setCode()
260709|10:54:40.921|main                |DEBUG|c.c.springlearn.Country  |                  setName|Inside setName()
260709|10:54:40.921|main                |DEBUG|c.c.springlearn.Country  |                   <init>|Inside Country Constructor.
260709|10:54:40.921|main                |DEBUG|c.c.springlearn.Country  |                  setCode|Inside setCode()
260709|10:54:40.921|main                |DEBUG|c.c.springlearn.Country  |                  setName|Inside setName()
260709|10:54:40.923|main                |DEBUG|c.c.s.c.CountryController|          getCountryIndia|Country : Country [code=IN, name=India]
260709|10:54:40.924|main                | INFO|c.c.s.c.CountryController|          getCountryIndia|END getCountryIndia()
260709|10:54:40.966|main                |DEBUG|c.c.springlearn.Country  |                  getCode|Inside getCode()
260709|10:54:40.967|main                |DEBUG|c.c.springlearn.Country  |                  getName|Inside getName()
]]></system-out>
  </testcase>
</testsuite>